#
# There is insufficient memory for the Java Runtime Environment to continue.
# Native memory allocation (malloc) failed to allocate 1048576 bytes for AllocateHeap
# Possible reasons:
#   The system is out of physical RAM or swap space
#   In 32 bit mode, the process size limit was hit
# Possible solutions:
#   Reduce memory load on the system
#   Increase physical memory or swap space
#   Check if swap backing store is full
#   Use 64 bit Java on a 64 bit OS
#   Decrease Java heap size (-Xmx/-Xms)
#   Decrease number of Java threads
#   Decrease Java thread stack sizes (-Xss)
#   Set larger code cache with -XX:ReservedCodeCacheSize=
# This output file may be truncated or incomplete.
#
#  Out of Memory Error (memory/allocation.inline.hpp:61), pid=2420, tid=14644
#
# JRE version:  (8.0_60-b27) (build )
# Java VM: Java HotSpot(TM) 64-Bit Server VM (25.60-b23 mixed mode windows-amd64 compressed oops)
# Failed to write core dump. Minidumps are not enabled by default on client versions of Windows
#

---------------  T H R E A D  ---------------

Current thread (0x0000000002f1d800):  JavaThread "Unknown thread" [_thread_in_vm, id=14644, stack(0x0000000004770000,0x0000000004870000)]

Stack: [0x0000000004770000,0x0000000004870000]
[error occurred during error reporting (printing stack bounds), id 0xc0000005]

Native frames: (J=compiled Java code, j=interpreted, Vv=VM code, C=native code)


---------------  P R O C E S S  ---------------

Java Threads: ( => current thread )

Other Threads:

=>0x0000000002f1d800 (exited) JavaThread "Unknown thread" [_thread_in_vm, id=14644, stack(0x0000000004770000,0x0000000004870000)]

VM state:not at safepoint (normal execution)

VM Mutex/Monitor currently owned by a thread: None

Heap:
 PSYoungGen      total 76288K, used 1310K [0x000000076ac00000, 0x0000000770100000, 0x00000007c0000000)
  eden space 65536K, 2% used [0x000000076ac00000,0x000000076ad47af0,0x000000076ec00000)
  from space 10752K, 0% used [0x000000076f680000,0x000000076f680000,0x0000000770100000)
  to   space 10752K, 0% used [0x000000076ec00000,0x000000076ec00000,0x000000076f680000)
 ParOldGen       total 175104K, used 0K [0x00000006c0400000, 0x00000006caf00000, 0x000000076ac00000)
  object space 175104K, 0% used [0x00000006c0400000,0x00000006c0400000,0x00000006caf00000)
 Metaspace       used 743K, capacity 4480K, committed 4480K, reserved 1056768K
  class space    used 75K, capacity 384K, committed 384K, reserved 1048576K

Card table byte_map: [0x0000000013d30000,0x0000000014530000] byte_map_base: 0x000000001072e000

Marking Bits: (ParMarkBitMap*) 0x000000005568a5b0
 Begin Bits: [0x0000000014e90000, 0x0000000018e80000)
 End Bits:   [0x0000000018e80000, 0x000000001ce70000)

Polling page: 0x00000000007f0000

CodeCache: size=245760Kb used=328Kb max_used=328Kb free=245431Kb
 bounds [0x0000000004970000, 0x0000000004be0000, 0x0000000013970000]
 total_blobs=57 nmethods=0 adapters=37
 compilation: enabled

Compilation events (0 events):
No events

GC Heap History (0 events):
No events

Deoptimization events (0 events):
No events

Internal exceptions (0 events):
No events

Events (10 events):
Event: 0.029 loading class java/lang/Short
Event: 0.029 loading class java/lang/Short done
Event: 0.029 loading class java/lang/Integer
Event: 0.029 loading class java/lang/Integer done
Event: 0.029 loading class java/lang/Long
Event: 0.029 loading class java/lang/Long done
Event: 0.030 loading class java/lang/NullPointerException
Event: 0.030 loading class java/lang/NullPointerException done
Event: 0.030 loading class java/lang/ArithmeticException
Event: 0.030 loading class java/lang/ArithmeticException done


Dynamic libraries:
0x00007ff7994a0000 - 0x00007ff7994d7000 	C:\Program Files\Java\jre1.8.0_60\bin\javaw.exe
0x00007ffde5ca0000 - 0x00007ffde5e80000 	C:\WINDOWS\SYSTEM32\ntdll.dll
0x00007ffde32c0000 - 0x00007ffde336e000 	C:\WINDOWS\System32\KERNEL32.DLL
0x00007ffde20a0000 - 0x00007ffde2306000 	C:\WINDOWS\System32\KERNELBASE.dll
0x00007ffde4cc0000 - 0x00007ffde4d61000 	C:\WINDOWS\System32\ADVAPI32.dll
0x00007ffde4d80000 - 0x00007ffde4e1d000 	C:\WINDOWS\System32\msvcrt.dll
0x00007ffde57e0000 - 0x00007ffde583b000 	C:\WINDOWS\System32\sechost.dll
0x00007ffde4e80000 - 0x00007ffde4f9f000 	C:\WINDOWS\System32\RPCRT4.dll
0x00007ffde3570000 - 0x00007ffde36ff000 	C:\WINDOWS\System32\USER32.dll
0x00007ffde2370000 - 0x00007ffde2390000 	C:\WINDOWS\System32\win32u.dll
0x00007ffde5660000 - 0x00007ffde5688000 	C:\WINDOWS\System32\GDI32.dll
0x00007ffde2d50000 - 0x00007ffde2ee3000 	C:\WINDOWS\System32\gdi32full.dll
0x00007ffde2490000 - 0x00007ffde252b000 	C:\WINDOWS\System32\msvcp_win.dll
0x00007ffde2390000 - 0x00007ffde2486000 	C:\WINDOWS\System32\ucrtbase.dll
0x00007ffdd26c0000 - 0x00007ffdd2929000 	C:\WINDOWS\WinSxS\amd64_microsoft.windows.common-controls_6595b64144ccf1df_6.0.16299.192_none_15c8cdae9364c23b\COMCTL32.dll
0x00007ffde5960000 - 0x00007ffde5c68000 	C:\WINDOWS\System32\combase.dll
0x00007ffde2580000 - 0x00007ffde25f2000 	C:\WINDOWS\System32\bcryptPrimitives.dll
0x00007ffde3700000 - 0x00007ffde372d000 	C:\WINDOWS\System32\IMM32.DLL
0x0000000054c90000 - 0x0000000054d62000 	C:\Program Files\Java\jre1.8.0_60\bin\msvcr100.dll
0x0000000054e80000 - 0x0000000055709000 	C:\Program Files\Java\jre1.8.0_60\bin\server\jvm.dll
0x00007ffde5840000 - 0x00007ffde5848000 	C:\WINDOWS\System32\PSAPI.DLL
0x00007ffdd8030000 - 0x00007ffdd8039000 	C:\WINDOWS\SYSTEM32\WSOCK32.dll
0x00007ffde0360000 - 0x00007ffde0383000 	C:\WINDOWS\SYSTEM32\WINMM.dll
0x00007ffde55e0000 - 0x00007ffde564c000 	C:\WINDOWS\System32\WS2_32.dll
0x00007ffddded0000 - 0x00007ffdddeda000 	C:\WINDOWS\SYSTEM32\VERSION.dll
0x00007ffde0300000 - 0x00007ffde032a000 	C:\WINDOWS\SYSTEM32\WINMMBASE.dll
0x00007ffde2530000 - 0x00007ffde257a000 	C:\WINDOWS\System32\cfgmgr32.dll
0x0000000054e70000 - 0x0000000054e7f000 	C:\Program Files\Java\jre1.8.0_60\bin\verify.dll
0x0000000054e40000 - 0x0000000054e69000 	C:\Program Files\Java\jre1.8.0_60\bin\java.dll
0x0000000054e20000 - 0x0000000054e36000 	C:\Program Files\Java\jre1.8.0_60\bin\zip.dll

VM Arguments:
jvm_args: -Dfile.encoding=Cp1252 
java_command: graphics.Line2
java_class_path (initial): C:\Program Files\Java\jre1.8.0_60\lib\resources.jar;C:\Program Files\Java\jre1.8.0_60\lib\rt.jar;C:\Program Files\Java\jre1.8.0_60\lib\jsse.jar;C:\Program Files\Java\jre1.8.0_60\lib\jce.jar;C:\Program Files\Java\jre1.8.0_60\lib\charsets.jar;C:\Program Files\Java\jre1.8.0_60\lib\jfr.jar;C:\Program Files\Java\jre1.8.0_60\lib\ext\access-bridge-64.jar;C:\Program Files\Java\jre1.8.0_60\lib\ext\cldrdata.jar;C:\Program Files\Java\jre1.8.0_60\lib\ext\dnsns.jar;C:\Program Files\Java\jre1.8.0_60\lib\ext\jaccess.jar;C:\Program Files\Java\jre1.8.0_60\lib\ext\jfxrt.jar;C:\Program Files\Java\jre1.8.0_60\lib\ext\localedata.jar;C:\Program Files\Java\jre1.8.0_60\lib\ext\nashorn.jar;C:\Program Files\Java\jre1.8.0_60\lib\ext\sunec.jar;C:\Program Files\Java\jre1.8.0_60\lib\ext\sunjce_provider.jar;C:\Program Files\Java\jre1.8.0_60\lib\ext\sunmscapi.jar;C:\Program Files\Java\jre1.8.0_60\lib\ext\sunpkcs11.jar;C:\Program Files\Java\jre1.8.0_60\lib\ext\zipfs.jar;F:\Downloads\Everyday Downloads\423\jogamp-all-platforms\jar\gluegen-rt.jar;F:\Downloads\Everyday Downloads\423\jogamp-all-platforms\jar\jogl-all.jar;C:\Users\alvee\eclipse-workspace\graphics\bin
Launcher Type: SUN_STANDARD

Environment Variables:
PATH=C:/Program Files/Java/jre1.8.0_60/bin/server;C:/Program Files/Java/jre1.8.0_60/bin;C:/Program Files/Java/jre1.8.0_60/lib/amd64;C:\ProgramData\Oracle\Java\javapath;C:\WINDOWS\system32;C:\WINDOWS;C:\WINDOWS\System32\Wbem;C:\WINDOWS\System32\WindowsPowerShell\v1.0\;C:\Program Files (x86)\Intel\OpenCL SDK\2.0\bin\x86;C:\Program Files (x86)\Intel\OpenCL SDK\2.0\bin\x64;C:\Program Files (x86)\NVIDIA Corporation\PhysX\Common;%SystemRoot%\system32;%SystemRoot%;%SystemRoot%\System32\Wbem;%SYSTEMROOT%\System32\WindowsPowerShell\v1.0\;C:\Users\alvee\Anaconda2;C:\Users\alvee\Anaconda2\Library\mingw-w64\bin;C:\Users\alvee\Anaconda2\Library\usr\bin;C:\Users\alvee\Anaconda2\Library\bin;C:\Users\alvee\Anaconda2\Scripts;C:\Users\alvee\AppData\Local\Microsoft\WindowsApps;;C:\WINDOWS\System32;
USERNAME=alvee
OS=Windows_NT
PROCESSOR_IDENTIFIER=Intel64 Family 6 Model 42 Stepping 7, GenuineIntel



---------------  S Y S T E M  ---------------

OS: Windows 10.0 , 64 bit Build 16299 (10.0.16299.15)

CPU:total 4 (2 cores per cpu, 2 threads per core) family 6 model 42 stepping 7, cmov, cx8, fxsr, mmx, sse, sse2, sse3, ssse3, sse4.1, sse4.2, popcnt, avx, clmul, ht, tsc, tscinvbit

Memory: 4k page, physical 16755156k(9817740k free), swap 23328704k(6064k free)

vm_info: Java HotSpot(TM) 64-Bit Server VM (25.60-b23) for windows-amd64 JRE (1.8.0_60-b27), built on Aug  4 2015 11:06:27 by "java_re" with MS VC++ 10.0 (VS2010)

time: Sat Jan 27 22:41:48 2018
elapsed time: 0 seconds (0d 0h 0m 0s)

