#
# There is insufficient memory for the Java Runtime Environment to continue.
# Native memory allocation (malloc) failed to allocate 32744 bytes for ChunkPool::allocate
# Possible reasons:
#   The system is out of physical RAM or swap space
#   In 32 bit mode, the process size limit was hit
# Possible solutions:
#   Reduce memory load on the system
#   Increase physical memory or swap space
#   Check if swap backing store is full
#   Use 64 bit Java on a 64 bit OS
#   Decrease Java heap size (-Xmx/-Xms)
#   Decrease number of Java threads
#   Decrease Java thread stack sizes (-Xss)
#   Set larger code cache with -XX:ReservedCodeCacheSize=
# This output file may be truncated or incomplete.
#
#  Out of Memory Error (allocation.cpp:273), pid=12260, tid=14716
#
# JRE version: Java(TM) SE Runtime Environment (8.0_60-b27) (build 1.8.0_60-b27)
# Java VM: Java HotSpot(TM) 64-Bit Server VM (25.60-b23 mixed mode windows-amd64 compressed oops)
# Failed to write core dump. Minidumps are not enabled by default on client versions of Windows
#

---------------  T H R E A D  ---------------

Current thread (0x000000001e492800):  JavaThread "C1 CompilerThread2" daemon [_thread_in_native, id=14716, stack(0x000000001fbd0000,0x000000001fcd0000)]

Stack: [0x000000001fbd0000,0x000000001fcd0000]
[error occurred during error reporting (printing stack bounds), id 0xc0000005]

Native frames: (J=compiled Java code, j=interpreted, Vv=VM code, C=native code)


Current CompileTask:
C1: 464041  798   !   3       java.awt.DefaultKeyboardFocusManager::dispatchEvent (1589 bytes)


---------------  P R O C E S S  ---------------

Java Threads: ( => current thread )
  0x0000000020a92000 JavaThread "D3D Screen Updater" daemon [_thread_blocked, id=5980, stack(0x0000000027b70000,0x0000000027c70000)]
  0x0000000004aad800 JavaThread "DestroyJavaVM" [_thread_blocked, id=14168, stack(0x0000000004bb0000,0x0000000004cb0000)]
  0x000000002098d800 JavaThread "main-SharedResourceRunner" daemon [_thread_blocked, id=15212, stack(0x0000000026280000,0x0000000026380000)]
  0x00000000207c4800 JavaThread "AWT-EventQueue-0" [_thread_blocked, id=8240, stack(0x0000000025970000,0x0000000025a70000)]
  0x0000000020652800 JavaThread "AWT-Windows" daemon [_thread_in_Java, id=8800, stack(0x0000000021150000,0x0000000021250000)]
  0x0000000020751000 JavaThread "AWT-Shutdown" [_thread_blocked, id=5736, stack(0x0000000021050000,0x0000000021150000)]
  0x0000000020750000 JavaThread "Java2D Disposer" daemon [_thread_blocked, id=15312, stack(0x0000000020f50000,0x0000000021050000)]
  0x000000001fcfa800 JavaThread "Service Thread" daemon [_thread_blocked, id=10576, stack(0x00000000200d0000,0x00000000201d0000)]
=>0x000000001e492800 JavaThread "C1 CompilerThread2" daemon [_thread_in_native, id=14716, stack(0x000000001fbd0000,0x000000001fcd0000)]
  0x000000001e451000 JavaThread "C2 CompilerThread1" daemon [_thread_blocked, id=4212, stack(0x000000001fad0000,0x000000001fbd0000)]
  0x000000001e44d800 JavaThread "C2 CompilerThread0" daemon [_thread_blocked, id=6480, stack(0x000000001f9d0000,0x000000001fad0000)]
  0x000000001e44c000 JavaThread "Attach Listener" daemon [_thread_blocked, id=13116, stack(0x000000001f8d0000,0x000000001f9d0000)]
  0x000000001e44a800 JavaThread "Signal Dispatcher" daemon [_thread_blocked, id=15136, stack(0x000000001f7d0000,0x000000001f8d0000)]
  0x0000000004da6800 JavaThread "Finalizer" daemon [_thread_blocked, id=1096, stack(0x000000001f6d0000,0x000000001f7d0000)]
  0x0000000004d9d800 JavaThread "Reference Handler" daemon [_thread_blocked, id=6568, stack(0x000000001f5d0000,0x000000001f6d0000)]

Other Threads:
  0x000000001e418000 VMThread [stack: 0x000000001f4d0000,0x000000001f5d0000] [id=14384]
  0x000000001fd1f800 WatcherThread [stack: 0x00000000201d0000,0x00000000202d0000] [id=688]

VM state:not at safepoint (normal execution)

VM Mutex/Monitor currently owned by a thread: None

Heap:
 PSYoungGen      total 76288K, used 33502K [0x000000076ac00000, 0x0000000770100000, 0x00000007c0000000)
  eden space 65536K, 51% used [0x000000076ac00000,0x000000076ccb7be8,0x000000076ec00000)
  from space 10752K, 0% used [0x000000076f680000,0x000000076f680000,0x0000000770100000)
  to   space 10752K, 0% used [0x000000076ec00000,0x000000076ec00000,0x000000076f680000)
 ParOldGen       total 175104K, used 0K [0x00000006c0400000, 0x00000006caf00000, 0x000000076ac00000)
  object space 175104K, 0% used [0x00000006c0400000,0x00000006c0400000,0x00000006caf00000)
 Metaspace       used 13959K, capacity 14114K, committed 14464K, reserved 1062912K
  class space    used 1506K, capacity 1569K, committed 1664K, reserved 1048576K

Card table byte_map: [0x0000000014170000,0x0000000014970000] byte_map_base: 0x0000000010b6e000

Marking Bits: (ParMarkBitMap*) 0x000000005568a5b0
 Begin Bits: [0x00000000152d0000, 0x00000000192c0000)
 End Bits:   [0x00000000192c0000, 0x000000001d2b0000)

Polling page: 0x00000000049e0000

CodeCache: size=245760Kb used=3000Kb max_used=3000Kb free=242759Kb
 bounds [0x0000000004db0000, 0x00000000050a0000, 0x0000000013db0000]
 total_blobs=1515 nmethods=797 adapters=631
 compilation: enabled

Compilation events (10 events):
Event: 463.934 Thread 0x000000001e492800 nmethod 793 0x00000000050972d0 code [0x0000000005097480, 0x0000000005097928]
Event: 463.934 Thread 0x000000001e492800  794       3       java.awt.EventQueue$4::run (5 bytes)
Event: 463.935 Thread 0x000000001e492800 nmethod 794 0x0000000005097b50 code [0x0000000005097d40, 0x0000000005098418]
Event: 463.936 Thread 0x000000001e492800  795       3       java.util.HashMap::remove (26 bytes)
Event: 463.936 Thread 0x000000001e492800 nmethod 795 0x0000000005098890 code [0x0000000005098a20, 0x0000000005098e38]
Event: 463.936 Thread 0x000000001e492800  796       3       java.util.HashMap::removeNode (291 bytes)
Event: 463.937 Thread 0x000000001e492800 nmethod 796 0x0000000005098f90 code [0x00000000050991e0, 0x000000000509a438]
Event: 463.938 Thread 0x000000001e492800  797   !   3       java.awt.KeyboardFocusManager::processCurrentLightweightRequests (345 bytes)
Event: 463.940 Thread 0x000000001e492800 nmethod 797 0x000000000509aad0 code [0x000000000509af00, 0x000000000509d7d8]
Event: 463.940 Thread 0x000000001e492800  798   !   3       java.awt.DefaultKeyboardFocusManager::dispatchEvent (1589 bytes)

GC Heap History (0 events):
No events

Deoptimization events (4 events):
Event: 0.924 Thread 0x00000000207c4800 Uncommon trap: reason=unstable_if action=reinterpret pc=0x0000000004eeec38 method=java.lang.String.startsWith(Ljava/lang/String;I)Z @ 25
Event: 1.425 Thread 0x0000000004aad800 Uncommon trap: reason=unstable_if action=reinterpret pc=0x0000000004fb1684 method=sun.misc.MetaIndex.mayContain(Ljava/lang/String;)Z @ 38
Event: 1.427 Thread 0x0000000004aad800 Uncommon trap: reason=unstable_if action=reinterpret pc=0x0000000004fd04f4 method=java.lang.AbstractStringBuilder.append(Ljava/lang/String;)Ljava/lang/AbstractStringBuilder; @ 1
Event: 1.427 Thread 0x0000000004aad800 Uncommon trap: reason=unstable_if action=reinterpret pc=0x0000000004fc9f64 method=java.lang.AbstractStringBuilder.append(Ljava/lang/String;)Ljava/lang/AbstractStringBuilder; @ 1

Internal exceptions (10 events):
Event: 0.551 Thread 0x0000000004aad800 Exception <a 'java/io/FileNotFoundException'> (0x000000076b56da38) thrown at [C:\re\workspace\8-2-build-windows-amd64-cygwin\jdk8u60\4407\hotspot\src\share\vm\prims\jni.cpp, line 709]
Event: 0.641 Thread 0x0000000004aad800 Exception <a 'java/io/FileNotFoundException'> (0x000000076b5bc848) thrown at [C:\re\workspace\8-2-build-windows-amd64-cygwin\jdk8u60\4407\hotspot\src\share\vm\prims\jni.cpp, line 709]
Event: 1.385 Thread 0x0000000004aad800 Exception <a 'java/lang/InterruptedException'> (0x000000076bc0f710) thrown at [C:\re\workspace\8-2-build-windows-amd64-cygwin\jdk8u60\4407\hotspot\src\share\vm\runtime\objectMonitor.cpp, line 1683]
Event: 1.427 Thread 0x0000000004aad800 Implicit null exception at 0x0000000004fd0196 to 0x0000000004fd04dd
Event: 1.427 Thread 0x0000000004aad800 Implicit null exception at 0x0000000004fc9c16 to 0x0000000004fc9f4d
Event: 1.507 Thread 0x0000000004aad800 Exception <a 'java/lang/reflect/InvocationTargetException'> (0x000000076c8fc580) thrown at [C:\re\workspace\8-2-build-windows-amd64-cygwin\jdk8u60\4407\hotspot\src\share\vm\runtime\reflection.cpp, line 1092]
Event: 1.577 Thread 0x00000000207c4800 Exception <a 'java/lang/Error'> (0x000000076ba355a8) thrown at [C:\re\workspace\8-2-build-windows-amd64-cygwin\jdk8u60\4407\hotspot\src\share\vm\prims\jvm.cpp, line 1390]
Event: 1.577 Thread 0x00000000207c4800 Exception <a 'java/lang/Error'> (0x000000076ba355a8) thrown at [C:\re\workspace\8-2-build-windows-amd64-cygwin\jdk8u60\4407\hotspot\src\share\vm\prims\jvm.cpp, line 1390]
Event: 1.580 Thread 0x00000000207c4800 Exception <a 'java/lang/Error'> (0x000000076ba40268) thrown at [C:\re\workspace\8-2-build-windows-amd64-cygwin\jdk8u60\4407\hotspot\src\share\vm\prims\jvm.cpp, line 1390]
Event: 1.580 Thread 0x00000000207c4800 Exception <a 'java/lang/Error'> (0x000000076ba40268) thrown at [C:\re\workspace\8-2-build-windows-amd64-cygwin\jdk8u60\4407\hotspot\src\share\vm\prims\jvm.cpp, line 1390]

Events (10 events):
Event: 4.214 loading class java/awt/Cursor$CursorDisposer
Event: 4.214 loading class java/awt/Cursor$CursorDisposer done
Event: 4.214 loading class java/awt/Event
Event: 4.215 loading class java/awt/Event done
Event: 4.215 loading class java/awt/event/MouseWheelEvent
Event: 4.215 loading class java/awt/event/MouseWheelEvent done
Event: 4.215 loading class java/awt/AWTEvent$2
Event: 4.215 loading class java/awt/AWTEvent$2 done
Event: 4.215 loading class sun/reflect/UnsafeBooleanFieldAccessorImpl
Event: 4.215 loading class sun/reflect/UnsafeBooleanFieldAccessorImpl done


Dynamic libraries:
0x00007ff7994a0000 - 0x00007ff7994d7000 	C:\Program Files\Java\jre1.8.0_60\bin\javaw.exe
0x00007ffde5ca0000 - 0x00007ffde5e80000 	C:\WINDOWS\SYSTEM32\ntdll.dll
0x00007ffde32c0000 - 0x00007ffde336e000 	C:\WINDOWS\System32\KERNEL32.DLL
0x00007ffde20a0000 - 0x00007ffde2306000 	C:\WINDOWS\System32\KERNELBASE.dll
0x00007ffde4cc0000 - 0x00007ffde4d61000 	C:\WINDOWS\System32\ADVAPI32.dll
0x00007ffde4d80000 - 0x00007ffde4e1d000 	C:\WINDOWS\System32\msvcrt.dll
0x00007ffde57e0000 - 0x00007ffde583b000 	C:\WINDOWS\System32\sechost.dll
0x00007ffde4e80000 - 0x00007ffde4f9f000 	C:\WINDOWS\System32\RPCRT4.dll
0x00007ffde3570000 - 0x00007ffde36ff000 	C:\WINDOWS\System32\USER32.dll
0x00007ffde2370000 - 0x00007ffde2390000 	C:\WINDOWS\System32\win32u.dll
0x00007ffde5660000 - 0x00007ffde5688000 	C:\WINDOWS\System32\GDI32.dll
0x00007ffde2d50000 - 0x00007ffde2ee3000 	C:\WINDOWS\System32\gdi32full.dll
0x00007ffde2490000 - 0x00007ffde252b000 	C:\WINDOWS\System32\msvcp_win.dll
0x00007ffde2390000 - 0x00007ffde2486000 	C:\WINDOWS\System32\ucrtbase.dll
0x00007ffdd26c0000 - 0x00007ffdd2929000 	C:\WINDOWS\WinSxS\amd64_microsoft.windows.common-controls_6595b64144ccf1df_6.0.16299.192_none_15c8cdae9364c23b\COMCTL32.dll
0x00007ffde5960000 - 0x00007ffde5c68000 	C:\WINDOWS\System32\combase.dll
0x00007ffde2580000 - 0x00007ffde25f2000 	C:\WINDOWS\System32\bcryptPrimitives.dll
0x00007ffde3700000 - 0x00007ffde372d000 	C:\WINDOWS\System32\IMM32.DLL
0x0000000054c90000 - 0x0000000054d62000 	C:\Program Files\Java\jre1.8.0_60\bin\msvcr100.dll
0x0000000054e80000 - 0x0000000055709000 	C:\Program Files\Java\jre1.8.0_60\bin\server\jvm.dll
0x00007ffde5840000 - 0x00007ffde5848000 	C:\WINDOWS\System32\PSAPI.DLL
0x00007ffdd8030000 - 0x00007ffdd8039000 	C:\WINDOWS\SYSTEM32\WSOCK32.dll
0x00007ffde0360000 - 0x00007ffde0383000 	C:\WINDOWS\SYSTEM32\WINMM.dll
0x00007ffde55e0000 - 0x00007ffde564c000 	C:\WINDOWS\System32\WS2_32.dll
0x00007ffddded0000 - 0x00007ffdddeda000 	C:\WINDOWS\SYSTEM32\VERSION.dll
0x00007ffde0300000 - 0x00007ffde032a000 	C:\WINDOWS\SYSTEM32\WINMMBASE.dll
0x00007ffde2530000 - 0x00007ffde257a000 	C:\WINDOWS\System32\cfgmgr32.dll
0x0000000054e70000 - 0x0000000054e7f000 	C:\Program Files\Java\jre1.8.0_60\bin\verify.dll
0x0000000054e40000 - 0x0000000054e69000 	C:\Program Files\Java\jre1.8.0_60\bin\java.dll
0x0000000054e20000 - 0x0000000054e36000 	C:\Program Files\Java\jre1.8.0_60\bin\zip.dll
0x00007ffde3880000 - 0x00007ffde4cb6000 	C:\WINDOWS\System32\SHELL32.dll
0x00007ffde5690000 - 0x00007ffde5736000 	C:\WINDOWS\System32\shcore.dll
0x00007ffde2600000 - 0x00007ffde2d47000 	C:\WINDOWS\System32\windows.storage.dll
0x00007ffde4fa0000 - 0x00007ffde4ff1000 	C:\WINDOWS\System32\shlwapi.dll
0x00007ffde1ff0000 - 0x00007ffde2001000 	C:\WINDOWS\System32\kernel.appcore.dll
0x00007ffde2030000 - 0x00007ffde207c000 	C:\WINDOWS\System32\powrprof.dll
0x00007ffde2080000 - 0x00007ffde209b000 	C:\WINDOWS\System32\profapi.dll
0x00007ffde1a40000 - 0x00007ffde1a57000 	C:\WINDOWS\SYSTEM32\CRYPTSP.dll
0x00007ffde1490000 - 0x00007ffde14c3000 	C:\WINDOWS\system32\rsaenh.dll
0x00007ffde1b50000 - 0x00007ffde1b75000 	C:\WINDOWS\SYSTEM32\bcrypt.dll
0x00007ffde1f20000 - 0x00007ffde1f49000 	C:\WINDOWS\SYSTEM32\USERENV.dll
0x00007ffde1a60000 - 0x00007ffde1a6b000 	C:\WINDOWS\SYSTEM32\CRYPTBASE.dll
0x0000000054e00000 - 0x0000000054e1a000 	C:\Program Files\Java\jre1.8.0_60\bin\net.dll
0x00007ffde1880000 - 0x00007ffde18e6000 	C:\WINDOWS\system32\mswsock.dll
0x00007ffde1610000 - 0x00007ffde1649000 	C:\WINDOWS\SYSTEM32\IPHLPAPI.DLL
0x00007ffde4d70000 - 0x00007ffde4d78000 	C:\WINDOWS\System32\NSI.dll
0x00007ffdd7d50000 - 0x00007ffdd7d66000 	C:\WINDOWS\SYSTEM32\dhcpcsvc6.DLL
0x00007ffdd7d30000 - 0x00007ffdd7d4a000 	C:\WINDOWS\SYSTEM32\dhcpcsvc.DLL
0x0000000054de0000 - 0x0000000054df1000 	C:\Program Files\Java\jre1.8.0_60\bin\nio.dll
0x00000000637c0000 - 0x00000000637ca000 	C:\Users\alvee\AppData\Local\Temp\jogamp_0000\file_cache\jln7418047314361083582\jln2039422083238950573\gluegen-rt.dll
0x0000000054af0000 - 0x0000000054c88000 	C:\Program Files\Java\jre1.8.0_60\bin\awt.dll
0x00007ffde37b0000 - 0x00007ffde3875000 	C:\WINDOWS\System32\OLEAUT32.dll
0x00007ffde04b0000 - 0x00007ffde0538000 	C:\WINDOWS\SYSTEM32\apphelp.dll
0x00007ffde0630000 - 0x00007ffde06c5000 	C:\WINDOWS\system32\uxtheme.dll
0x00007ffde5470000 - 0x00007ffde55d7000 	C:\WINDOWS\System32\MSCTF.dll
0x00007ffde08a0000 - 0x00007ffde08ca000 	C:\WINDOWS\system32\dwmapi.dll
0x00007ffde3170000 - 0x00007ffde32b9000 	C:\WINDOWS\System32\ole32.dll
0x0000000054ae0000 - 0x0000000054ae7000 	C:\Program Files\Java\jre1.8.0_60\bin\jawt.dll
0x000000006a440000 - 0x000000006a44b000 	C:\Users\alvee\AppData\Local\Temp\jogamp_0000\file_cache\jln7418047314361083582\jln2039422083238950573\nativewindow_awt.dll
0x00007ffdbf0c0000 - 0x00007ffdbf255000 	C:\WINDOWS\system32\d3d9.dll
0x00007ffddd3f0000 - 0x00007ffddd4da000 	C:\WINDOWS\System32\DriverStore\FileRepository\nv_dispi.inf_amd64_f936d37e592b25aa\nvldumdx.dll
0x00007ffde2fa0000 - 0x00007ffde316e000 	C:\WINDOWS\System32\crypt32.dll
0x00007ffde2010000 - 0x00007ffde2022000 	C:\WINDOWS\System32\MSASN1.dll
0x00007ffde2310000 - 0x00007ffde2368000 	C:\WINDOWS\System32\WINTRUST.DLL
0x00007ffde5450000 - 0x00007ffde546d000 	C:\WINDOWS\System32\imagehlp.dll
0x00007ffda1ae0000 - 0x00007ffda2cb6000 	C:\WINDOWS\System32\DriverStore\FileRepository\nv_dispi.inf_amd64_f936d37e592b25aa\nvd3dumx.dll
0x00007ffddbc10000 - 0x00007ffddbdcd000 	C:\WINDOWS\system32\nvspcap64.dll
0x00007ffde1130000 - 0x00007ffde1161000 	C:\WINDOWS\SYSTEM32\ntmarta.dll
0x000000006c100000 - 0x000000006c10b000 	C:\Users\alvee\AppData\Local\Temp\jogamp_0000\file_cache\jln7418047314361083582\jln2039422083238950573\nativewindow_win32.dll
0x00007ffdbf9f0000 - 0x00007ffdbfb0e000 	C:\WINDOWS\SYSTEM32\OpenGL32.dll
0x00007ffdbf9c0000 - 0x00007ffdbf9ec000 	C:\WINDOWS\SYSTEM32\GLU32.dll
0x0000000064500000 - 0x000000006458b000 	C:\Users\alvee\AppData\Local\Temp\jogamp_0000\file_cache\jln7418047314361083582\jln2039422083238950573\jogl_desktop.dll
0x0000000052810000 - 0x0000000054ad7000 	C:\WINDOWS\SYSTEM32\nvoglv64.DLL
0x00007ffde5000000 - 0x00007ffde544e000 	C:\WINDOWS\System32\SETUPAPI.dll
0x00007ffddef50000 - 0x00007ffddef63000 	C:\WINDOWS\SYSTEM32\WTSAPI32.dll
0x00007ffde1e00000 - 0x00007ffde1e27000 	C:\WINDOWS\SYSTEM32\DEVOBJ.dll
0x00007ffde11a0000 - 0x00007ffde11f5000 	C:\WINDOWS\SYSTEM32\WINSTA.dll
0x00000000527c0000 - 0x0000000052807000 	C:\Program Files\Java\jre1.8.0_60\bin\fontmanager.dll
0x00007ffddc570000 - 0x00007ffddc608000 	C:\WINDOWS\System32\TextInputFramework.dll
0x00007ffddd0e0000 - 0x00007ffddd3ce000 	C:\WINDOWS\System32\CoreUIComponents.dll
0x00007ffddfe70000 - 0x00007ffddff4c000 	C:\WINDOWS\System32\CoreMessaging.dll
0x00007ffdde4b0000 - 0x00007ffdde5e6000 	C:\WINDOWS\SYSTEM32\wintypes.dll

VM Arguments:
jvm_args: -Dfile.encoding=Cp1252 
java_command: graphics.Line2
java_class_path (initial): C:\Program Files\Java\jre1.8.0_60\lib\resources.jar;C:\Program Files\Java\jre1.8.0_60\lib\rt.jar;C:\Program Files\Java\jre1.8.0_60\lib\jsse.jar;C:\Program Files\Java\jre1.8.0_60\lib\jce.jar;C:\Program Files\Java\jre1.8.0_60\lib\charsets.jar;C:\Program Files\Java\jre1.8.0_60\lib\jfr.jar;C:\Program Files\Java\jre1.8.0_60\lib\ext\access-bridge-64.jar;C:\Program Files\Java\jre1.8.0_60\lib\ext\cldrdata.jar;C:\Program Files\Java\jre1.8.0_60\lib\ext\dnsns.jar;C:\Program Files\Java\jre1.8.0_60\lib\ext\jaccess.jar;C:\Program Files\Java\jre1.8.0_60\lib\ext\jfxrt.jar;C:\Program Files\Java\jre1.8.0_60\lib\ext\localedata.jar;C:\Program Files\Java\jre1.8.0_60\lib\ext\nashorn.jar;C:\Program Files\Java\jre1.8.0_60\lib\ext\sunec.jar;C:\Program Files\Java\jre1.8.0_60\lib\ext\sunjce_provider.jar;C:\Program Files\Java\jre1.8.0_60\lib\ext\sunmscapi.jar;C:\Program Files\Java\jre1.8.0_60\lib\ext\sunpkcs11.jar;C:\Program Files\Java\jre1.8.0_60\lib\ext\zipfs.jar;F:\Downloads\Everyday Downloads\423\jogamp-all-platforms\jar\gluegen-rt.jar;F:\Downloads\Everyday Downloads\423\jogamp-all-platforms\jar\jogl-all.jar;C:\Users\alvee\eclipse-workspace\graphics\bin
Launcher Type: SUN_STANDARD

Environment Variables:
PATH=C:/Program Files/Java/jre1.8.0_60/bin/server;C:/Program Files/Java/jre1.8.0_60/bin;C:/Program Files/Java/jre1.8.0_60/lib/amd64;C:\ProgramData\Oracle\Java\javapath;C:\WINDOWS\system32;C:\WINDOWS;C:\WINDOWS\System32\Wbem;C:\WINDOWS\System32\WindowsPowerShell\v1.0\;C:\Program Files (x86)\Intel\OpenCL SDK\2.0\bin\x86;C:\Program Files (x86)\Intel\OpenCL SDK\2.0\bin\x64;C:\Program Files (x86)\NVIDIA Corporation\PhysX\Common;%SystemRoot%\system32;%SystemRoot%;%SystemRoot%\System32\Wbem;%SYSTEMROOT%\System32\WindowsPowerShell\v1.0\;C:\Users\alvee\Anaconda2;C:\Users\alvee\Anaconda2\Library\mingw-w64\bin;C:\Users\alvee\Anaconda2\Library\usr\bin;C:\Users\alvee\Anaconda2\Library\bin;C:\Users\alvee\Anaconda2\Scripts;C:\Users\alvee\AppData\Local\Microsoft\WindowsApps;;C:\WINDOWS\System32;
USERNAME=alvee
OS=Windows_NT
PROCESSOR_IDENTIFIER=Intel64 Family 6 Model 42 Stepping 7, GenuineIntel



---------------  S Y S T E M  ---------------

OS: Windows 10.0 , 64 bit Build 16299 (10.0.16299.15)

CPU:total 4 (2 cores per cpu, 2 threads per core) family 6 model 42 stepping 7, cmov, cx8, fxsr, mmx, sse, sse2, sse3, ssse3, sse4.1, sse4.2, popcnt, avx, clmul, ht, tsc, tscinvbit

Memory: 4k page, physical 16755156k(9994124k free), swap 23328704k(5236k free)

vm_info: Java HotSpot(TM) 64-Bit Server VM (25.60-b23) for windows-amd64 JRE (1.8.0_60-b27), built on Aug  4 2015 11:06:27 by "java_re" with MS VC++ 10.0 (VS2010)

time: Sat Jan 27 22:52:58 2018
elapsed time: 463 seconds (0d 0h 7m 43s)

